<?xml version="1.0" encoding="utf-8"?><testsuites name="pytest tests"><testsuite name="pytest" errors="0" failures="1" skipped="1" tests="12" time="25.049" timestamp="2025-11-24T12:51:48.072548-05:00" hostname="Stickybeatz.local"><testcase classname="agents.tests.test_framework_integration.TestErrorHandlingAndRecovery" name="test_database_connection_failure_handling" time="0.614" /><testcase classname="agents.tests.test_framework_integration.TestProductionReadiness" name="test_concurrent_request_handling" time="4.715" /><testcase classname="agents.tests.test_framework_integration.TestPerformanceBenchmarks" name="test_template_cache_performance" time="6.333" /><testcase classname="agents.tests.test_framework_integration.TestCrossStreamDataFlow" name="test_database_to_monitoring_flow" time="0.313"><skipped type="pytest.skip" message="Database not available for this test">/Volumes/PRO-G40/Code/omniclaude/agents/tests/test_framework_integration.py:376: Database not available for this test</skipped></testcase><testcase classname="agents.tests.test_framework_integration.TestEndToEndIntegration" name="test_complete_workflow_execution" time="6.453"><failure message="AssertionError: Integration test should complete in &lt;5s, took 6408ms&#10;assert 6408.165216445923 &lt; 5000">agents/tests/test_framework_integration.py:325: in test_complete_workflow_execution
    assert (
E   AssertionError: Integration test should complete in &lt;5s, took 6408ms
E   assert 6408.165216445923 &lt; 5000</failure></testcase><testcase classname="agents.tests.test_framework_integration" name="test_stream_10_summary" time="0.060" /><testcase classname="agents.tests.test_integration_smoke" name="test_integration_publish_consume_skip_when_unreachable" time="2.397" /><testcase classname="agents.tests.test_framework_integration.TestCrossStreamDataFlow" name="test_cache_to_parallel_generation_flow" time="4.896" /><testcase classname="agents.tests.test_framework_integration.TestErrorHandlingAndRecovery" name="test_cache_invalidation_recovery" time="4.943" /><testcase classname="agents.tests.test_framework_integration.TestProductionReadiness" name="test_health_check_completeness" time="0.657" /><testcase classname="agents.tests.test_framework_integration.TestPerformanceBenchmarks" name="test_monitoring_performance" time="0.004" /><testcase classname="agents.tests.test_framework_integration.TestPerformanceBenchmarks" name="test_structured_logging_performance" time="0.114" /></testsuite></testsuites>
